<?xml version="1.0" encoding="UTF-8"?>
<!-- Generated by org.testng.reporters.JUnitXMLReporter -->
<testsuite hostname="studentapp" name="Default test" tests="3" failures="0" timestamp="24 Apr 2018 10:36:34 GMT" time="0.071" errors="0">
  <testcase name="createCustomerTest" time="0.019" classname="com.crm.customertest.CustomerTest"/>
  <testcase name="deleteCustomerTest" time="0.008" classname="com.crm.customertest.CustomerTest"/>
  <testcase name="modifyCustomerTest" time="0.006" classname="com.crm.customertest.CustomerTest"/>
</testsuite> <!-- Default test -->
