<?xml version="1.0" encoding="UTF-8"?>
<!-- Generated by org.testng.reporters.JUnitXMLReporter -->
<testsuite hostname="TYSS-TR-001" name="Default test" tests="3" failures="0" timestamp="24 Apr 2018 11:17:53 GMT" time="0.047" errors="0">
  <testcase name="createCustomerTest" time="0.016" classname="com.crm.customertest.CustomerTest"/>
  <testcase name="deleteCustomerTest" time="0.0" classname="com.crm.customertest.CustomerTest"/>
  <testcase name="modifyCustomerTest" time="0.016" classname="com.crm.customertest.CustomerTest"/>
</testsuite> <!-- Default test -->
